1632183456.361397 client started (3832): version 2.6, socket /tmp/tmux-1000/cloud92.2, protocol 8
1632183456.361432 on Linux 5.4.0-1056-aws #59~18.04.1-Ubuntu SMP Mon Aug 23 23:07:49 UTC 2021; libevent 2.1.8-stable (poll)
1632183456.361452 socket is /tmp/tmux-1000/cloud92.2
1632183456.361465 trying connect
1632183456.361599 add peer 0x5568a1375350: 7 ((nil))
1632183456.361654 sending message 100 to peer 0x5568a1375350 (4 bytes)
1632183456.361663 sending message 101 to peer 0x5568a1375350 (7 bytes)
1632183456.361667 sending message 102 to peer 0x5568a1375350 (11 bytes)
1632183456.361671 sending message 108 to peer 0x5568a1375350 (36 bytes)
1632183456.361676 sending message 104 to peer 0x5568a1375350 (0 bytes)
1632183456.361681 sending message 107 to peer 0x5568a1375350 (4 bytes)
1632183456.361685 sending message 105 to peer 0x5568a1375350 (26 bytes)
1632183456.361689 sending message 105 to peer 0x5568a1375350 (52 bytes)
1632183456.361696 sending message 105 to peer 0x5568a1375350 (15 bytes)
1632183456.361700 sending message 105 to peer 0x5568a1375350 (13 bytes)
1632183456.361704 sending message 105 to peer 0x5568a1375350 (35 bytes)
1632183456.361708 sending message 105 to peer 0x5568a1375350 (32 bytes)
1632183456.361712 sending message 105 to peer 0x5568a1375350 (8 bytes)
1632183456.361716 sending message 105 to peer 0x5568a1375350 (40 bytes)
1632183456.361720 sending message 105 to peer 0x5568a1375350 (28 bytes)
1632183456.361724 sending message 105 to peer 0x5568a1375350 (24 bytes)
1632183456.361728 sending message 105 to peer 0x5568a1375350 (43 bytes)
1632183456.361732 sending message 105 to peer 0x5568a1375350 (14 bytes)
1632183456.361736 sending message 105 to peer 0x5568a1375350 (40 bytes)
1632183456.361740 sending message 105 to peer 0x5568a1375350 (17 bytes)
1632183456.361744 sending message 105 to peer 0x5568a1375350 (12 bytes)
1632183456.361748 sending message 105 to peer 0x5568a1375350 (21 bytes)
1632183456.361752 sending message 105 to peer 0x5568a1375350 (40 bytes)
1632183456.361756 sending message 105 to peer 0x5568a1375350 (18 bytes)
1632183456.361762 sending message 105 to peer 0x5568a1375350 (26 bytes)
1632183456.361766 sending message 105 to peer 0x5568a1375350 (35 bytes)
1632183456.361770 sending message 105 to peer 0x5568a1375350 (37 bytes)
1632183456.361774 sending message 105 to peer 0x5568a1375350 (65 bytes)
1632183456.361778 sending message 105 to peer 0x5568a1375350 (42 bytes)
1632183456.361782 sending message 105 to peer 0x5568a1375350 (59 bytes)
1632183456.361786 sending message 105 to peer 0x5568a1375350 (26 bytes)
1632183456.361790 sending message 105 to peer 0x5568a1375350 (84 bytes)
1632183456.361794 sending message 105 to peer 0x5568a1375350 (10 bytes)
1632183456.361798 sending message 105 to peer 0x5568a1375350 (27 bytes)
1632183456.361802 sending message 105 to peer 0x5568a1375350 (22 bytes)
1632183456.361806 sending message 105 to peer 0x5568a1375350 (13 bytes)
1632183456.361810 sending message 105 to peer 0x5568a1375350 (16 bytes)
1632183456.361814 sending message 105 to peer 0x5568a1375350 (12 bytes)
1632183456.361818 sending message 105 to peer 0x5568a1375350 (20 bytes)
1632183456.361824 sending message 105 to peer 0x5568a1375350 (53 bytes)
1632183456.361828 sending message 105 to peer 0x5568a1375350 (24 bytes)
1632183456.361832 sending message 105 to peer 0x5568a1375350 (46 bytes)
1632183456.361836 sending message 105 to peer 0x5568a1375350 (13 bytes)
1632183456.361840 sending message 105 to peer 0x5568a1375350 (8 bytes)
1632183456.361844 sending message 105 to peer 0x5568a1375350 (27 bytes)
1632183456.361848 sending message 105 to peer 0x5568a1375350 (178 bytes)
1632183456.361852 sending message 105 to peer 0x5568a1375350 (15 bytes)
1632183456.361856 sending message 105 to peer 0x5568a1375350 (31 bytes)
1632183456.361860 sending message 105 to peer 0x5568a1375350 (13 bytes)
1632183456.361864 sending message 105 to peer 0x5568a1375350 (49 bytes)
1632183456.361868 sending message 105 to peer 0x5568a1375350 (796 bytes)
1632183456.361879 sending message 105 to peer 0x5568a1375350 (16 bytes)
1632183456.361891 sending message 105 to peer 0x5568a1375350 (49 bytes)
1632183456.361896 sending message 105 to peer 0x5568a1375350 (20 bytes)
1632183456.361900 sending message 105 to peer 0x5568a1375350 (16 bytes)
1632183456.361904 sending message 105 to peer 0x5568a1375350 (16 bytes)
1632183456.361908 sending message 106 to peer 0x5568a1375350 (0 bytes)
1632183456.361912 sending message 200 to peer 0x5568a1375350 (4 bytes)
1632183456.361917 client loop enter
1632183456.362247 peer 0x5568a1375350 message 211
1632183456.362354 peer 0x5568a1375350 message 203
1632183456.362362 client loop exit
